<?xml version="1.0" encoding="UTF-8"?>
<!-- Generated by org.testng.reporters.JUnitReportReporter -->
<testsuite hostname="DESKTOP-9NIH3SE" failures="0" tests="1" name="runnerClass.RunnerIO" time="46.674" errors="0" timestamp="2024-07-14T17:20:09 IST" skipped="0">
  <testcase classname="runnerClass.RunnerIO" name="runScenario" time="46.674"/>
</testsuite> <!-- runnerClass.RunnerIO -->
